# JRE version: Java(TM) SE Runtime Environment (17.0.10+11) (build 17.0.10+11-LTS-240)
# Java VM: Java HotSpot(TM) 64-Bit Server VM (17.0.10+11-LTS-240, mixed mode, sharing, tiered, compressed oops, compressed class ptrs, g1 gc, windows-amd64)
GC Precious Log:
 CPUs: 8 total, 8 available
 Memory: 40743M
 Large Page Support: Disabled
 NUMA Support: Disabled
 Compressed Oops: Enabled (32-bit)
 Heap Region Size: 1M
 Heap Min Capacity: 256M
 Heap Initial Capacity: 256M
 Heap Max Capacity: 512M
 Pre-touch: Disabled
 Parallel Workers: 8
 Concurrent Workers: 2
 Concurrent Refinement Workers: 8
 Periodic GC: Disabled
Heap:
 garbage-first heap   total 262144K, used 152767K [0x00000000e0000000, 0x0000000100000000)
  region size 1024K, 37 young (37888K), 9 survivors (9216K)
 Metaspace       used 80245K, committed 82624K, reserved 458752K
  class space    used 10661K, committed 11264K, reserved 327680K
GC Heap History (20 events):
Event: 3365.369 GC heap before
{Heap before GC invocations=50 (full 0):
 garbage-first heap   total 262144K, used 127873K [0x00000000e0000000, 0x0000000100000000)
  region size 1024K, 7 young (7168K), 2 survivors (2048K)
 Metaspace       used 79893K, committed 82112K, reserved 458752K
  class space    used 10645K, committed 11264K, reserved 327680K
}
Event: 3365.370 GC heap after
{Heap after GC invocations=51 (full 0):
 garbage-first heap   total 262144K, used 124668K [0x00000000e0000000, 0x0000000100000000)
  region size 1024K, 3 young (3072K), 3 survivors (3072K)
 Metaspace       used 79893K, committed 82112K, reserved 458752K
  class space    used 10645K, committed 11264K, reserved 327680K
}
Event: 3484.319 GC heap before
{Heap before GC invocations=52 (full 0):
 garbage-first heap   total 262144K, used 188156K [0x00000000e0000000, 0x0000000100000000)
  region size 1024K, 65 young (66560K), 3 survivors (3072K)
 Metaspace       used 81459K, committed 82304K, reserved 458752K
  class space    used 10831K, committed 11264K, reserved 327680K
}
Event: 3484.325 GC heap after
{Heap after GC invocations=53 (full 0):
 garbage-first heap   total 262144K, used 128286K [0x00000000e0000000, 0x0000000100000000)
  region size 1024K, 5 young (5120K), 5 survivors (5120K)
 Metaspace       used 81459K, committed 82304K, reserved 458752K
  class space    used 10831K, committed 11264K, reserved 327680K
}
Event: 3484.596 GC heap before
{Heap before GC invocations=53 (full 0):
 garbage-first heap   total 262144K, used 135454K [0x00000000e0000000, 0x0000000100000000)
  region size 1024K, 12 young (12288K), 5 survivors (5120K)
 Metaspace       used 81527K, committed 82368K, reserved 458752K
  class space    used 10836K, committed 11264K, reserved 327680K
}
Event: 3484.606 GC heap after
{Heap after GC invocations=54 (full 0):
 garbage-first heap   total 262144K, used 127430K [0x00000000e0000000, 0x0000000100000000)
  region size 1024K, 2 young (2048K), 2 survivors (2048K)
 Metaspace       used 81527K, committed 82368K, reserved 458752K
  class space    used 10836K, committed 11264K, reserved 327680K
}
Event: 3485.387 GC heap before
{Heap before GC invocations=54 (full 0):
 garbage-first heap   total 262144K, used 193990K [0x00000000e0000000, 0x0000000100000000)
  region size 1024K, 68 young (69632K), 2 survivors (2048K)
 Metaspace       used 81593K, committed 82432K, reserved 458752K
  class space    used 10843K, committed 11264K, reserved 327680K
}
Event: 3485.395 GC heap after
{Heap after GC invocations=55 (full 0):
 garbage-first heap   total 262144K, used 133859K [0x00000000e0000000, 0x0000000100000000)
  region size 1024K, 8 young (8192K), 8 survivors (8192K)
 Metaspace       used 81593K, committed 82432K, reserved 458752K
  class space    used 10843K, committed 11264K, reserved 327680K
}
Event: 3485.910 GC heap before
{Heap before GC invocations=56 (full 0):
 garbage-first heap   total 262144K, used 199395K [0x00000000e0000000, 0x0000000100000000)
  region size 1024K, 73 young (74752K), 8 survivors (8192K)
 Metaspace       used 80041K, committed 82432K, reserved 458752K
  class space    used 10653K, committed 11264K, reserved 327680K
}
Event: 3485.917 GC heap after
{Heap after GC invocations=57 (full 0):
 garbage-first heap   total 262144K, used 133210K [0x00000000e0000000, 0x0000000100000000)
  region size 1024K, 3 young (3072K), 3 survivors (3072K)
 Metaspace       used 80041K, committed 82432K, reserved 458752K
  class space    used 10653K, committed 11264K, reserved 327680K
}
Event: 3485.971 GC heap before
{Heap before GC invocations=57 (full 0):
 garbage-first heap   total 262144K, used 141402K [0x00000000e0000000, 0x0000000100000000)
  region size 1024K, 12 young (12288K), 3 survivors (3072K)
 Metaspace       used 80044K, committed 82432K, reserved 458752K
  class space    used 10653K, committed 11264K, reserved 327680K
}
Event: 3485.984 GC heap after
{Heap after GC invocations=58 (full 0):
 garbage-first heap   total 262144K, used 117291K [0x00000000e0000000, 0x0000000100000000)
  region size 1024K, 2 young (2048K), 2 survivors (2048K)
 Metaspace       used 80044K, committed 82432K, reserved 458752K
  class space    used 10653K, committed 11264K, reserved 327680K
}
Event: 3486.298 GC heap before
{Heap before GC invocations=58 (full 0):
 garbage-first heap   total 262144K, used 142891K [0x00000000e0000000, 0x0000000100000000)
  region size 1024K, 28 young (28672K), 2 survivors (2048K)
 Metaspace       used 80177K, committed 82432K, reserved 458752K
  class space    used 10662K, committed 11264K, reserved 327680K
}
Event: 3486.303 GC heap after
{Heap after GC invocations=59 (full 0):
 garbage-first heap   total 262144K, used 125950K [0x00000000e0000000, 0x0000000100000000)
  region size 1024K, 11 young (11264K), 11 survivors (11264K)
 Metaspace       used 80177K, committed 82432K, reserved 458752K
  class space    used 10662K, committed 11264K, reserved 327680K
}
Event: 3487.434 GC heap before
{Heap before GC invocations=60 (full 0):
 garbage-first heap   total 262144K, used 189438K [0x00000000e0000000, 0x0000000100000000)
  region size 1024K, 73 young (74752K), 11 survivors (11264K)
 Metaspace       used 81711K, committed 82496K, reserved 458752K
  class space    used 10846K, committed 11264K, reserved 327680K
}
Event: 3487.437 GC heap after
{Heap after GC invocations=61 (full 0):
 garbage-first heap   total 262144K, used 121667K [0x00000000e0000000, 0x0000000100000000)
  region size 1024K, 2 young (2048K), 2 survivors (2048K)
 Metaspace       used 81711K, committed 82496K, reserved 458752K
  class space    used 10846K, committed 11264K, reserved 327680K
}
Event: 3507.814 GC heap before
{Heap before GC invocations=61 (full 0):
 garbage-first heap   total 262144K, used 130883K [0x00000000e0000000, 0x0000000100000000)
  region size 1024K, 12 young (12288K), 2 survivors (2048K)
 Metaspace       used 81806K, committed 82624K, reserved 458752K
  class space    used 10852K, committed 11264K, reserved 327680K
}
Event: 3507.821 GC heap after
{Heap after GC invocations=62 (full 0):
 garbage-first heap   total 262144K, used 121067K [0x00000000e0000000, 0x0000000100000000)
  region size 1024K, 2 young (2048K), 2 survivors (2048K)
 Metaspace       used 81806K, committed 82624K, reserved 458752K
  class space    used 10852K, committed 11264K, reserved 327680K
}
Event: 3508.359 GC heap before
{Heap before GC invocations=62 (full 0):
 garbage-first heap   total 262144K, used 193771K [0x00000000e0000000, 0x0000000100000000)
  region size 1024K, 73 young (74752K), 2 survivors (2048K)
 Metaspace       used 81809K, committed 82624K, reserved 458752K
  class space    used 10852K, committed 11264K, reserved 327680K
}
Event: 3508.369 GC heap after
{Heap after GC invocations=63 (full 0):
 garbage-first heap   total 262144K, used 128191K [0x00000000e0000000, 0x0000000100000000)
  region size 1024K, 9 young (9216K), 9 survivors (9216K)
 Metaspace       used 81809K, committed 82624K, reserved 458752K
  class space    used 10852K, committed 11264K, reserved 327680K
}

